Array size n = 102400000
CCE OMP: host nid002275 pid 60423 tid 60423 thread 0 affinity:  0
CCE OMP: host nid002275 pid 60423 tid 60436 thread 13 affinity:  104
CCE OMP: host nid002275 pid 60423 tid 60429 thread 6 affinity:  48
CCE OMP: host nid002275 pid 60423 tid 60426 thread 3 affinity:  24
CCE OMP: host nid002275 pid 60423 tid 60433 thread 10 affinity:  80
CCE OMP: host nid002275 pid 60423 tid 60425 thread 2 affinity:  16
CCE OMP: host nid002275 pid 60423 tid 60437 thread 14 affinity:  112
CCE OMP: host nid002275 pid 60423 tid 60438 thread 15 affinity:  120
CCE OMP: host nid002275 pid 60423 tid 60435 thread 12 affinity:  96
CCE OMP: host nid002275 pid 60423 tid 60427 thread 4 affinity:  32
CCE OMP: host nid002275 pid 60423 tid 60431 thread 8 affinity:  64
CCE OMP: host nid002275 pid 60423 tid 60432 thread 9 affinity:  72
CCE OMP: host nid002275 pid 60423 tid 60434 thread 11 affinity:  88
CCE OMP: host nid002275 pid 60423 tid 60430 thread 7 affinity:  56
CCE OMP: host nid002275 pid 60423 tid 60428 thread 5 affinity:  40
CCE OMP: host nid002275 pid 60423 tid 60424 thread 1 affinity:  8
Input:
a =   3.0000
x =   0.0000   0.0000   0.0000   0.0000 ...   1.0000   1.0000   1.0000   1.0000
y =   0.0000   0.0000   0.0000   0.0000 ... 100.0000 100.0000 100.0000 100.0000
Output:
y =   0.0000   0.0000   0.0000   0.0000 ... 103.0000 103.0000 103.0000 103.0000
Calculating axpy took 7.872 milliseconds
