Array size n = 102400000
CCE OMP: host nid002275 pid 60331 tid 60331 thread 0 affinity:  0
CCE OMP: host nid002275 pid 60331 tid 60338 thread 7 affinity:  7
CCE OMP: host nid002275 pid 60331 tid 60336 thread 5 affinity:  5
CCE OMP: host nid002275 pid 60331 tid 60335 thread 4 affinity:  4
CCE OMP: host nid002275 pid 60331 tid 60342 thread 11 affinity:  11
CCE OMP: host nid002275 pid 60331 tid 60346 thread 15 affinity:  15
CCE OMP: host nid002275 pid 60331 tid 60341 thread 10 affinity:  10
CCE OMP: host nid002275 pid 60331 tid 60345 thread 14 affinity:  14
CCE OMP: host nid002275 pid 60331 tid 60340 thread 9 affinity:  9
CCE OMP: host nid002275 pid 60331 tid 60344 thread 13 affinity:  13
CCE OMP: host nid002275 pid 60331 tid 60334 thread 3 affinity:  3
CCE OMP: host nid002275 pid 60331 tid 60337 thread 6 affinity:  6
CCE OMP: host nid002275 pid 60331 tid 60333 thread 2 affinity:  2
CCE OMP: host nid002275 pid 60331 tid 60343 thread 12 affinity:  12
CCE OMP: host nid002275 pid 60331 tid 60339 thread 8 affinity:  8
CCE OMP: host nid002275 pid 60331 tid 60332 thread 1 affinity:  1
Input:
a =   3.0000
x =   0.0000   0.0000   0.0000   0.0000 ...   1.0000   1.0000   1.0000   1.0000
y =   0.0000   0.0000   0.0000   0.0000 ... 100.0000 100.0000 100.0000 100.0000
Output:
y =   0.0000   0.0000   0.0000   0.0000 ... 103.0000 103.0000 103.0000 103.0000
Calculating axpy took 64.019 milliseconds
